<?xml version="1.0" encoding="UTF-8"?>
<!-- Generated by org.testng.reporters.JUnitXMLReporter -->
<testsuite hostname="DESKTOP-823C2EB" ignored="0" name="Default test" tests="3" failures="0" timestamp="2020-04-19T19:29:45 IST" time="0.099" errors="0">
  <testcase name="@BeforeMethod setUp" time="-1.587304785653E9" classname="com.selenium.handling.Selenium_Grid_parallel">
    <failure type="org.testng.TestNGException" message="
Parameter &amp;apos;PortNO&amp;apos; is required by BeforeMethod on method setUp but has not been marked @Optional or defined
in C:\Users\HP\AppData\Local\Temp\testng-eclipse--305288240\testng-customsuite.xml">
      <![CDATA[org.testng.TestNGException: 
Parameter 'PortNO' is required by BeforeMethod on method setUp but has not been marked @Optional or defined
in C:\Users\HP\AppData\Local\Temp\testng-eclipse--305288240\testng-customsuite.xml
at org.testng.internal.Parameters.createParams(Parameters.java:272)
at org.testng.internal.Parameters.createParametersForMethod(Parameters.java:360)
at org.testng.internal.Parameters.createParameters(Parameters.java:704)
at org.testng.internal.Parameters.createConfigurationParameters(Parameters.java:166)
at org.testng.internal.ConfigInvoker.invokeConfigurations(ConfigInvoker.java:283)
at org.testng.internal.TestInvoker.runConfigMethods(TestInvoker.java:695)
at org.testng.internal.TestInvoker.invokeMethod(TestInvoker.java:523)
at org.testng.internal.TestInvoker.invokeTestMethod(TestInvoker.java:173)
at org.testng.internal.MethodRunner.runInSequence(MethodRunner.java:46)
at org.testng.internal.TestInvoker$MethodInvocationAgent.invoke(TestInvoker.java:816)
at org.testng.internal.TestInvoker.invokeTestMethods(TestInvoker.java:146)
at org.testng.internal.TestMethodWorker.invokeTestMethods(TestMethodWorker.java:146)
at org.testng.internal.TestMethodWorker.run(TestMethodWorker.java:128)
at java.util.ArrayList.forEach(Unknown Source)
at org.testng.TestRunner.privateRun(TestRunner.java:766)
at org.testng.TestRunner.run(TestRunner.java:587)
at org.testng.SuiteRunner.runTest(SuiteRunner.java:384)
at org.testng.SuiteRunner.runSequentially(SuiteRunner.java:378)
at org.testng.SuiteRunner.privateRun(SuiteRunner.java:337)
at org.testng.SuiteRunner.run(SuiteRunner.java:286)
at org.testng.SuiteRunnerWorker.runSuite(SuiteRunnerWorker.java:53)
at org.testng.SuiteRunnerWorker.run(SuiteRunnerWorker.java:96)
at org.testng.TestNG.runSuitesSequentially(TestNG.java:1187)
at org.testng.TestNG.runSuitesLocally(TestNG.java:1109)
at org.testng.TestNG.runSuites(TestNG.java:1039)
at org.testng.TestNG.run(TestNG.java:1007)
at org.testng.remote.AbstractRemoteTestNG.run(AbstractRemoteTestNG.java:115)
at org.testng.remote.RemoteTestNG.initAndRun(RemoteTestNG.java:251)
at org.testng.remote.RemoteTestNG.main(RemoteTestNG.java:77)
]]>
    </failure>
  </testcase> <!-- @BeforeMethod setUp -->
  <testcase name="@AfterMethod teardown" time="-1.587304785681E9" classname="com.selenium.handling.Selenium_Grid_parallel">
    <skipped/>
  </testcase> <!-- @AfterMethod teardown -->
  <testcase name="@BeforeMethod setUp" time="-1.587304785684E9" classname="com.selenium.handling.Selenium_Grid_parallel">
    <skipped/>
  </testcase> <!-- @BeforeMethod setUp -->
  <testcase name="@AfterMethod teardown" time="-1.587304785691E9" classname="com.selenium.handling.Selenium_Grid_parallel">
    <skipped/>
  </testcase> <!-- @AfterMethod teardown -->
  <testcase name="@BeforeMethod setUp" time="-1.587304785693E9" classname="com.selenium.handling.Selenium_Grid_parallel">
    <skipped/>
  </testcase> <!-- @BeforeMethod setUp -->
  <testcase name="@AfterMethod teardown" time="-1.5873047857E9" classname="com.selenium.handling.Selenium_Grid_parallel">
    <skipped/>
  </testcase> <!-- @AfterMethod teardown -->
  <testcase name="facebooklogin" time="0.0" classname="com.selenium.handling.Selenium_Grid_parallel">
    <skipped/>
  </testcase> <!-- facebooklogin -->
  <testcase name="facebooklogin" time="0.0" classname="com.selenium.handling.Selenium_Grid_parallel">
    <skipped/>
  </testcase> <!-- facebooklogin -->
  <testcase name="facebooklogin" time="0.0" classname="com.selenium.handling.Selenium_Grid_parallel">
    <skipped/>
  </testcase> <!-- facebooklogin -->
</testsuite> <!-- Default test -->
